<?xml version="1.0" encoding="UTF-8"?>
<testsuite name="com.cabinvoicegenerator.InvoiceServiceTest" tests="8" skipped="0" failures="0" errors="0" timestamp="2019-12-17T04:44:45" hostname="admin1-desktop" time="0.012">
  <properties/>
  <testcase name="givenMultipleRidesForNormal_ShouldReturnInvoiceSummary" classname="com.cabinvoicegenerator.InvoiceServiceTest" time="0.002"/>
  <testcase name="givenDistanceAndTimeForPremium_ShouldReturnTotalFare" classname="com.cabinvoicegenerator.InvoiceServiceTest" time="0.0"/>
  <testcase name="givenDistanceAndTimeForNormal_ShouldReturnTotalFare" classname="com.cabinvoicegenerator.InvoiceServiceTest" time="0.001"/>
  <testcase name="givenUserIdAndRidesForPremium_ShouldReturnInvoiceSummary" classname="com.cabinvoicegenerator.InvoiceServiceTest" time="0.006"/>
  <testcase name="givenLessDistanceAndTimeForPremium_ShouldReturnMinimumFare" classname="com.cabinvoicegenerator.InvoiceServiceTest" time="0.0"/>
  <testcase name="givenMultipleRidesForPremium_ShouldReturnInvoiceSummary" classname="com.cabinvoicegenerator.InvoiceServiceTest" time="0.001"/>
  <testcase name="givenLessDistanceAndTimeForNormal_ShouldReturnMinimumFare" classname="com.cabinvoicegenerator.InvoiceServiceTest" time="0.0"/>
  <testcase name="givenUserIdAndRidesForNormal_ShouldReturnInvoiceSummary" classname="com.cabinvoicegenerator.InvoiceServiceTest" time="0.001"/>
  <system-out><![CDATA[InvoiceSummary{numOfRides=2, totalFare=60.0, averageFare=30.0}
InvoiceSummary{numOfRides=2, totalFare=30.0, averageFare=15.0}
]]></system-out>
  <system-err><![CDATA[]]></system-err>
</testsuite>
