<?xml version="1.0" encoding="UTF-8"?>
<testsuite name="com.cabinvoicegenerator.InvoiceServiceTest" tests="4" skipped="0" failures="0" errors="0" timestamp="2019-12-16T12:45:10" hostname="admin1-desktop" time="0.003">
  <properties/>
  <testcase name="givenLessDistanceAndTime_ShouldReturnMinimumFare" classname="com.cabinvoicegenerator.InvoiceServiceTest" time="0.001"/>
  <testcase name="givenUserIdAndRides_ShouldReturnInvoiceSummary" classname="com.cabinvoicegenerator.InvoiceServiceTest" time="0.001"/>
  <testcase name="givenDistanceAndTime_ShouldReturnTotalFare" classname="com.cabinvoicegenerator.InvoiceServiceTest" time="0.0"/>
  <testcase name="givenMultipleRides_ShouldReturnInvoiceSummary" classname="com.cabinvoicegenerator.InvoiceServiceTest" time="0.0"/>
  <system-out><![CDATA[]]></system-out>
  <system-err><![CDATA[]]></system-err>
</testsuite>
